Stasm version 4.1.0  Logging to stasm.log
Open ../data/haarcascade_frontalface_alt2.xml
Open ../data/haarcascade_mcs_lefteye.xml
Open ../data/haarcascade_mcs_righteye.xml
Skripte/jpegs/part2-page-008_suzanneJulius_c2.jpg: YAW00  yaw   0 rot -10 
00000000 part2-page-008_suzanneJulius_c2
{ 20 2
171 145
239 156
175 225
229 233
147 128
197 133
227 139
268 144
119 143
159 146
186 149
228 156
254 159
274 161
215 181
201 189
222 193
209 217
205 233
200 280
}
part2-page-008_suzanneJulius_c2_stasm.bmp 1 face
